Starting preprocessing of the model file ...
Found 13 equation(s).
Evaluating expressions...done
Computing static model derivatives (order 1).
Computing dynamic model derivatives (order 1).
Processing outputs ...
done
Preprocessing completed.

                                         Norm of      First-order   Trust-region
 Iteration  Func-count     f(x)          step         optimality    radius
     0          3     5.87818e-12                      1.48e-09               1
     1          6     3.63553e-15     0.00392909       3.42e-11               1
     2          9     1.36576e-21     0.00010236       2.07e-14               1
     3         12     2.48641e-33    6.26875e-08       4.62e-20               1

<a href = "matlab: helpview('optim','eqn_solved','CSHelpWindow');">Equation solved</a>.

fsolve completed because the vector of function values is near zero
as measured by the value of the <a href = "matlab: helpview('optim','fcn_tolerance_fsolve','CSHelpWindow');">function tolerance</a>, and
the <a href = "matlab: helpview('optim','appears_regular','CSHelpWindow');">problem appears regular</a> as measured by the gradient.

<<a href = "matlab: createExitMsg({'optim:fsolve:Exit1basic','fsolve'},{'optim:fsolve:Exit1detailed','4.617970e-20','1.000000e-19','2.486406e-33','3.162278e-10'},true,true);;">stopping criteria details</a>>

STEADY-STATE RESULTS:

c      		 2.59735
y      		 3.29213
k      		 27.7905
tau    		 0.000534321
z      		 1.52143e-05
mu     		 0.0347892
e      		 2.212
x      		 4213.34
r      		 0.0426356
a      		 1
lambda 		 -2.45877e-13
zeta   		 7.9203e-05
omega  		 -0.148193

                                         Norm of      First-order   Trust-region
 Iteration  Func-count     f(x)          step         optimality    radius
     0          3     7.21221e-09                       8.5e-08               1
     1          6     4.62874e-14      0.0849149       2.13e-10               1
     2          9      2.8297e-23    0.000215144       3.13e-15               1
     3         12     8.69678e-34    9.09687e-09       1.74e-20               1

<a href = "matlab: helpview('optim','eqn_solved','CSHelpWindow');">Equation solved</a>.

fsolve completed because the vector of function values is near zero
as measured by the value of the <a href = "matlab: helpview('optim','fcn_tolerance_fsolve','CSHelpWindow');">function tolerance</a>, and
the <a href = "matlab: helpview('optim','appears_regular','CSHelpWindow');">problem appears regular</a> as measured by the gradient.

<<a href = "matlab: createExitMsg({'optim:fsolve:Exit1basic','fsolve'},{'optim:fsolve:Exit1detailed','1.737551e-20','1.000000e-19','8.696777e-34','3.162278e-10'},true,true);;">stopping criteria details</a>>

STEADY-STATE RESULTS:

c      		 2.60536
y      		 3.30228
k      		 27.8761
tau    		 0.000537519
z      		 1.53811e-05
mu     		 0.0348866
e      		 2.21653
x      		 4221.95
r      		 0.0426356
a      		 1.002
lambda 		 -2.91742e-13
zeta   		 7.91878e-05
omega  		 -0.147283

                                         Norm of      First-order   Trust-region
 Iteration  Func-count     f(x)          step         optimality    radius
     0          3     7.21221e-09                       8.5e-08               1
     1          6     4.62874e-14      0.0849149       2.13e-10               1
     2          9      2.8297e-23    0.000215144       3.13e-15               1
     3         12     8.69678e-34    9.09687e-09       1.74e-20               1

<a href = "matlab: helpview('optim','eqn_solved','CSHelpWindow');">Equation solved</a>.

fsolve completed because the vector of function values is near zero
as measured by the value of the <a href = "matlab: helpview('optim','fcn_tolerance_fsolve','CSHelpWindow');">function tolerance</a>, and
the <a href = "matlab: helpview('optim','appears_regular','CSHelpWindow');">problem appears regular</a> as measured by the gradient.

<<a href = "matlab: createExitMsg({'optim:fsolve:Exit1basic','fsolve'},{'optim:fsolve:Exit1detailed','1.737551e-20','1.000000e-19','8.696777e-34','3.162278e-10'},true,true);;">stopping criteria details</a>>

--------------------------------------------------------
MODEL SIMULATION:

Iter: 1,	 err. = 8.59407,	 time = 0.114
Iter: 2,	 err. = 3.3e-06,	 time = 0.015

Total time of simulation: 0.145.
--------------------------------------------------------

Perfect foresight solution found.

{Error using checkArgsForHandleToPrint
Handle input argument contains nonhandle values.

Error in checkArgsForHandleToPrint

Error in <a href="matlab:matlab.internal.language.introspective.errorDocCallback('print>LocalCreatePrintJob', 'C:\Program Files\MATLAB\R2021b\toolbox\matlab\graphics\printing\print.m', 101)" style="font-weight:bold">print>LocalCreatePrintJob</a> (<a href="matlab: opentoline('C:\Program Files\MATLAB\R2021b\toolbox\matlab\graphics\printing\print.m',101,0)">line 101</a>)
handles = checkArgsForHandleToPrint(0, varargin{:});

Error in <a href="matlab:matlab.internal.language.introspective.errorDocCallback('print', 'C:\Program Files\MATLAB\R2021b\toolbox\matlab\graphics\printing\print.m', 38)" style="font-weight:bold">print</a> (<a href="matlab: opentoline('C:\Program Files\MATLAB\R2021b\toolbox\matlab\graphics\printing\print.m',38,0)">line 38</a>)
[pj, inputargs] = LocalCreatePrintJob(varargin{:});

Error in <a href="matlab:matlab.internal.language.introspective.errorDocCallback('dyn_saveas', 'C:\dynare\4.6.4\matlab\dyn_saveas.m', 42)" style="font-weight:bold">dyn_saveas</a> (<a href="matlab: opentoline('C:\dynare\4.6.4\matlab\dyn_saveas.m',42,0)">line 42</a>)
    print(h,'-depsc2',[fname,'.eps'])

Error in <a href="matlab:matlab.internal.language.introspective.errorDocCallback('rplot', 'C:\dynare\4.6.4\matlab\rplot.m', 89)" style="font-weight:bold">rplot</a> (<a href="matlab: opentoline('C:\dynare\4.6.4\matlab\rplot.m',89,0)">line 89</a>)
    dyn_saveas(hh,[M_.fname, filesep, 'graphs', filesep, 'SimulatedTrajectory_' s1{1}],options_.nodisplay,options_.graph_format)

Error in <a href="matlab:matlab.internal.language.introspective.errorDocCallback('heutel_2012.driver', 'C:\Users\phill\OneDrive - Christian-Albrechts-Universität zu Kiel\DATA_Ubuntu_25_11\CAU Kiel\Master Thesis\Code\RBC\Heutel_2012\+heutel_2012\driver.m', 285)" style="font-weight:bold">heutel_2012.driver</a> (<a href="matlab: opentoline('C:\Users\phill\OneDrive - Christian-Albrechts-Universität zu Kiel\DATA_Ubuntu_25_11\CAU Kiel\Master Thesis\Code\RBC\Heutel_2012\+heutel_2012\driver.m',285,0)">line 285</a>)
rplot(var_list_);

Error in <a href="matlab:matlab.internal.language.introspective.errorDocCallback('dynare', 'C:\dynare\4.6.4\matlab\dynare.m', 293)" style="font-weight:bold">dynare</a> (<a href="matlab: opentoline('C:\dynare\4.6.4\matlab\dynare.m',293,0)">line 293</a>)
evalin('base',[fname '.driver']) ;
} 
